1 1
2 1
2 2
2 3
2 4
2 5
2 6
2 7
2 8
2 9
2 10
2 11
2 12
2 13
2 14
2 15
2 16
3 16
3 17
4 17
4 18
5 18
5 19
5 20
6 20
7 20
7 21
7 22
6 22
6 23
6 24
5 24
4 24
3 24
3 25
3 26
3 27
3 28
2 28
2 29
2 30
2 31
2 32
3 32
4 32
5 32
6 32
7 32
8 32
9 32
10 32
11 32
12 32
13 32
14 32
15 32
16 32
17 32
16 32
15 32
14 32
13 32
12 32
11 32
10 32
9 32
8 32
7 32
6 32
5 32
4 32
3 32
3 31
3 30
3 29
3 28
3 27
3 26
3 25
4 25
5 25
6 25
6 24
6 23
6 22
7 22
7 21
7 20
7 19
7 18
7 17
7 16
7 15
7 14
7 13
7 12
8 12
8 11
9 11
9 10
9 9
9 8
9 7
9 6
9 7
9 8
9 9
9 10
9 11
9 12
9 13
9 14
9 15
8 15
8 16
8 17
8 18
7 18
7 19
7 20
7 21
7 22
6 22
6 23
6 24
5 24
4 24
3 24
3 25
3 26
3 27
3 28
4 28
5 28
5 29
5 30
5 31
5 32
5 33
5 34
6 34
7 34
8 34
9 34
10 34
11 34
11 35
12 35
12 36
12 37
12 38
13 38
14 38
15 38
16 38
16 39
16 40
16 41
16 42
16 43
16 44
15 44
15 43
14 43
14 42
13 42
13 41
13 40
13 39
13 38
13 37
12 37
11 37
11 36
11 35
11 34
10 34
9 34
8 34
7 34
6 34
6 33
5 33
4 33
3 33
3 32
3 31
3 30
3 29
3 28
4 28
5 28
5 29
5 30
5 31
5 32
5 33
5 34
6 34
7 34
8 34
9 34
10 34
11 34
12 34
13 34
14 34
14 35
15 35
16 35
17 35
18 35
19 35
20 35
21 35
22 35
23 35
23 36
23 37
23 36
23 35
23 34
24 34
25 34
25 33
26 33
26 32
26 33
25 33
24 33
23 33
22 33
21 33
20 33
19 33
18 33
17 33
16 33
15 33
14 33
13 33
12 33
11 33
10 33
9 33
8 33
7 33
6 33
5 33
4 33
3 33
3 32
3 31
3 30
3 29
3 28
3 27
3 26
3 25
4 25
5 25
6 25
6 24
6 23
6 22
7 22
7 21
7 20
8 20
9 20
10 20
11 20
12 20
13 20
14 20
15 20
16 20
16 19
17 19
18 19
18 18
18 17
19 17
20 17
21 17
22 17
23 17
24 17
23 17
22 17
21 17
21 18
20 18
19 18
19 19
19 20
19 21
18 21
17 21
16 21
15 21
14 21
13 21
12 21
11 21
11 22
10 22
9 22
9 23
8 23
7 23
6 23
6 24
6 25
5 25
5 26
4 26
4 27
4 28
3 28
4 28
4 29
4 30
4 31
4 32
4 33
4 34
4 35
4 36
4 37
4 38
4 39
4 40
4 41
5 41
6 41
7 41
7 42
7 43
6 43
6 44
6 45
6 46
6 47
5 47
5 48
5 49
6 49
6 50
7 50
8 50
9 50
8 50
7 50
6 50
5 50
5 49
5 48
5 47
6 47
6 46
6 45
6 44
6 43
7 43
7 42
7 41
6 41
5 41
4 41
4 40
4 39
4 38
4 37
4 36
4 35
3 35
3 34
3 33
3 32
3 31
3 30
3 29
3 28
3 27
3 26
3 25
4 25
5 25
6 25
6 24
6 23
6 22
7 22
7 21
7 20
8 20
8 19
8 18
8 17
8 16
8 15
8 14
8 13
8 12
8 11
9 11
9 10
9 9
8 9
8 8
8 7
9 7
10 7
10 6
11 6
12 6
13 6
14 6
14 5
15 5
16 5
17 5
18 5
19 5
20 5
20 4
20 3
21 3
22 3
23 3
24 3
25 3
26 3
27 3
28 3
29 3
30 3
30 2
31 2
32 2
33 2
34 2
33 2
32 2
32 3
31 3
31 4
31 5
30 5
29 5
28 5
27 5
26 5
25 5
24 5
23 5
23 6
23 7
22 7
21 7
20 7
19 7
18 7
17 7
16 7
15 7
14 7
13 7
12 7
11 7
10 7
9 7
8 7
9 7
10 7
11 7
11 8
11 9
11 10
11 11
12 11
13 11
14 11
15 11
15 12
15 13
16 13
17 13
18 13
19 13
20 13
20 14
20 15
21 15
22 15
22 16
23 16
24 16
25 16
26 16
27 16
28 16
29 16
30 16
30 17
30 18
29 18
30 18
30 17
30 16
29 16
28 16
27 16
26 16
25 16
24 16
23 16
22 16
21 16
20 16
20 15
20 14
19 14
18 14
17 14
16 14
15 14
14 14
13 14
13 13
13 12
12 12
12 11
12 10
12 9
12 8
12 7
11 7
10 7
9 7
8 7
8 8
8 9
9 9
9 10
9 11
9 12
9 13
9 14
9 15
9 16
9 17
9 18
9 19
8 19
7 19
7 20
7 21
7 22
7 23
6 23
6 24
6 25
5 25
4 25
3 25
3 26
3 27
3 28
4 28
5 28
6 28
6 29
6 30
7 30
7 31
7 32
8 32
9 32
10 32
11 32
11 31
12 31
12 30
13 30
14 30
15 30
16 30
17 30
17 29
18 29
18 28
19 28
20 28
21 28
22 28
23 28
24 28
25 28
26 28
27 28
28 28
29 28
30 28
31 28
31 27
31 26
32 26
33 26
34 26
34 27
34 26
33 26
32 26
32 25
32 24
32 23
32 24
32 25
32 26
31 26
31 27
31 28
31 29
32 29
32 30
33 30
33 31
34 31
34 32
34 31
33 31
33 30
32 30
32 29
31 29
31 28
31 27
31 26
31 25
31 24
31 23
31 22
32 22
32 21
32 20
32 19
32 18
32 17
33 17
34 17
35 17
35 16
36 16
37 16
37 15
38 15
39 15
38 15
37 15
36 15
35 15
34 15
34 16
34 17
34 18
34 19
34 20
34 21
34 22
34 23
34 24
33 24
33 25
33 26
34 26
34 27
34 26
33 26
32 26
31 26
31 27
31 28
31 29
32 29
32 30
33 30
33 31
34 31
34 32
34 33
34 34
34 35
35 35
35 36
35 37
35 38
35 37
35 36
35 35
36 35
37 35
37 34
37 33
38 33
39 33
40 33
41 33
42 33
42 32
42 31
42 30
43 30
44 30
45 30
44 30
43 30
42 30
42 29
41 29
41 28
41 27
40 27
39 27
39 26
38 26
37 26
37 25
37 24
37 23
36 23
35 23
34 23
34 24
33 24
33 25
33 26
34 26
34 27
34 26
33 26
33 25
33 24
33 23
33 22
34 22
34 21
34 20
34 19
35 19
35 18
35 17
35 16
35 15
35 14
36 14
37 14
38 14
38 13
39 13
40 13
41 13
42 13
43 13
44 13
44 14
43 14
43 13
42 13
41 13
40 13
39 13
38 13
37 13
36 13
35 13
35 14
35 15
35 16
35 17
35 18
35 19
35 20
35 21
34 21
34 22
34 23
34 24
33 24
33 25
33 26
34 26
34 27
34 26
33 26
33 25
33 24
34 24
34 23
35 23
36 23
37 23
37 24
37 25
37 26
38 26
39 26
39 27
40 27
41 27
41 28
41 29
42 29
42 30
43 30
43 31
43 32
43 33
44 33
44 34
44 35
44 36
44 35
45 35
45 34
46 34
46 33
47 33
47 32
47 33
46 33
45 33
44 33
43 33
42 33
42 32
42 31
42 30
42 29
41 29
41 28
41 27
40 27
39 27
39 26
38 26
37 26
37 25
37 24
37 23
36 23
35 23
34 23
34 24
33 24
33 25
33 26
34 26
34 27
34 26
33 26
32 26
31 26
30 26
29 26
29 27
29 28
29 29
29 30
29 31
29 32
29 33
28 33
27 33
27 34
26 34
26 35
25 35
25 36
25 37
26 37
27 37
27 38
28 38
28 39
28 40
28 41
28 42
28 43
28 44
28 45
28 46
28 45
28 44
28 43
28 42
28 41
28 40
28 39
28 38
27 38
27 37
26 37
25 37
25 36
25 35
26 35
26 34
26 33
27 33
28 33
29 33
29 32
29 31
29 30
29 29
30 29
30 28
30 27
31 27
31 26
32 26
33 26
34 26
34 27
34 26
33 26
32 26
31 26
31 27
31 28
31 29
32 29
32 30
33 30
33 31
34 31
34 32
34 33
34 34
34 35
35 35
36 35
36 36
36 37
36 38
35 38
35 39
35 40
35 41
36 41
37 41
38 41
38 42
39 42
39 43
40 43
41 43
42 43
42 42
43 42
44 42
45 42
46 42
46 43
47 43
48 43
49 43
49 44
49 45
49 46
49 47
48 47
47 47
46 47
45 47
44 47
43 47
43 48
42 48
41 48
40 48
39 48
39 47
38 47
37 47
36 47
36 46
36 45
36 44
36 43
36 42
36 41
36 40
35 40
35 39
34 39
34 38
34 37
34 36
35 36
36 36
35 36
34 36
34 35
34 34
34 33
34 32
34 31
33 31
33 30
32 30
32 29
31 29
31 28
31 27
31 26
32 26
33 26
34 26
34 27
34 26
33 26
32 26
31 26
30 26
29 26
29 27
28 27
27 27
26 27
25 27
25 28
24 28
23 28
22 28
21 28
20 28
19 28
18 28
18 29
17 29
17 30
16 30
15 30
14 30
13 30
12 30
12 31
11 31
11 32
10 32
9 32
8 32
7 32
6 32
5 32
4 32
3 32
3 31
3 30
3 29
3 28
